==============================================
Original IG2 - Ethnicity (Black/White) Analysis
Job ID: 8207093
Start: Fri Jan  9 04:32:04 JST 2026
==============================================
Stage 1: Installing dependencies and computing Integrated Gradients...
Collecting jsonlines
  Downloading jsonlines-4.0.0-py3-none-any.whl.metadata (1.6 kB)
Requirement already satisfied: safetensors in /opt/conda/lib/python3.10/site-packages (0.7.0)
Requirement already satisfied: huggingface_hub in /opt/conda/lib/python3.10/site-packages (0.36.0)
Requirement already satisfied: attrs>=19.2.0 in /opt/conda/lib/python3.10/site-packages (from jsonlines) (23.1.0)
Requirement already satisfied: filelock in /opt/conda/lib/python3.10/site-packages (from huggingface_hub) (3.13.1)
Requirement already satisfied: fsspec>=2023.5.0 in /opt/conda/lib/python3.10/site-packages (from huggingface_hub) (2024.6.0)
Requirement already satisfied: packaging>=20.9 in /opt/conda/lib/python3.10/site-packages (from huggingface_hub) (23.2)
Requirement already satisfied: pyyaml>=5.1 in /opt/conda/lib/python3.10/site-packages (from huggingface_hub) (6.0.1)
Requirement already satisfied: requests in /opt/conda/lib/python3.10/site-packages (from huggingface_hub) (2.32.2)
Requirement already satisfied: tqdm>=4.42.1 in /opt/conda/lib/python3.10/site-packages (from huggingface_hub) (4.66.4)
Requirement already satisfied: typing-extensions>=3.7.4.3 in /opt/conda/lib/python3.10/site-packages (from huggingface_hub) (4.11.0)
Requirement already satisfied: hf-xet<2.0.0,>=1.1.3 in /opt/conda/lib/python3.10/site-packages (from huggingface_hub) (1.2.0)
Requirement already satisfied: charset-normalizer<4,>=2 in /opt/conda/lib/python3.10/site-packages (from requests->huggingface_hub) (2.0.4)
Requirement already satisfied: idna<4,>=2.5 in /opt/conda/lib/python3.10/site-packages (from requests->huggingface_hub) (3.7)
Requirement already satisfied: urllib3<3,>=1.21.1 in /opt/conda/lib/python3.10/site-packages (from requests->huggingface_hub) (2.2.1)
Requirement already satisfied: certifi>=2017.4.17 in /opt/conda/lib/python3.10/site-packages (from requests->huggingface_hub) (2024.2.2)
Downloading jsonlines-4.0.0-py3-none-any.whl (8.7 kB)
Installing collected packages: jsonlines
Successfully installed jsonlines-4.0.0
/opt/conda/lib/python3.10/site-packages/transformers/utils/hub.py:111: FutureWarning: Using `TRANSFORMERS_CACHE` is deprecated and will be removed in v5 of Transformers. Use `HF_HOME` instead.
  warnings.warn(
device: cuda:0 n_gpu: 1, distributed training: False
Traceback (most recent call last):
  File "/work/gb20/b20117/IG2-Bias-Neurons/bias_neuron_src/1_analyze_mlm_bias.py", line 486, in <module>
    main()
  File "/work/gb20/b20117/IG2-Bias-Neurons/bias_neuron_src/1_analyze_mlm_bias.py", line 256, in main
    tokenizer = BertTokenizer.from_pretrained(args.bert_model_path, do_lower_case=args.do_lower_case)
  File "/opt/conda/lib/python3.10/site-packages/transformers/tokenization_utils_base.py", line 2069, in from_pretrained
    return cls._from_pretrained(
  File "/opt/conda/lib/python3.10/site-packages/transformers/tokenization_utils_base.py", line 2315, in _from_pretrained
    tokenizer = cls(*init_inputs, **init_kwargs)
  File "/opt/conda/lib/python3.10/site-packages/transformers/models/bert/tokenization_bert.py", line 114, in __init__
    if not os.path.isfile(vocab_file):
  File "/opt/conda/lib/python3.10/genericpath.py", line 30, in isfile
    st = os.stat(path)
TypeError: stat: path should be string, bytes, os.PathLike or integer, not NoneType
